\BOOKMARK [0][-]{chapter.1}{\376\377\000O\000v\000e\000r\000v\000i\000e\000w}{}% 1
\BOOKMARK [0][-]{chapter.2}{\376\377\000I\000n\000s\000t\000a\000l\000l\000\040}{}% 2
\BOOKMARK [0][-]{chapter.3}{\376\377\000I\000n\000p\000u\000t\000\040\000a\000n\000d\000\040\000C\000o\000n\000f\000i\000g\000u\000r\000a\000t\000i\000o\000n\000\040}{}% 3
\BOOKMARK [1][-]{section.3.1}{\376\377\000T\000a\000r\000g\000e\000t\000\040\000C\000S\000V\000\040\000f\000o\000r\000m\000a\000t\000\040}{chapter.3}% 4
\BOOKMARK [1][-]{section.3.2}{\376\377\000C\000o\000n\000f\000i\000g\000u\000r\000a\000t\000i\000o\000n\000\040\000i\000n\000\040\000t\000e\000s\000t\000s\000/\000c\000o\000n\000f\000i\000g\000.\000p\000y}{chapter.3}% 5
\BOOKMARK [2][-]{subsection.3.2.1}{\376\377\000M\000i\000r\000r\000o\000r\000\040\000f\000i\000t\000t\000i\000n\000g}{section.3.2}% 6
\BOOKMARK [2][-]{subsection.3.2.2}{\376\377\000C\000h\000a\000n\000n\000e\000l\000\040\000m\000a\000p\000s}{section.3.2}% 7
\BOOKMARK [2][-]{subsection.3.2.3}{\376\377\0003\000D\000\040\000H\000T\000M\000L\000\040\000r\000e\000s\000i\000d\000u\000a\000l\000\040\000v\000i\000e\000w}{section.3.2}% 8
\BOOKMARK [2][-]{subsection.3.2.4}{\376\377\000R\000e\000s\000i\000d\000u\000a\000l\000\040\000a\000n\000a\000l\000y\000s\000i\000s}{section.3.2}% 9
\BOOKMARK [0][-]{chapter.4}{\376\377\000R\000u\000n\000\040\000s\000c\000r\000i\000p\000t\000s\000\040}{}% 10
\BOOKMARK [1][-]{section.4.1}{\376\377\000Q\000u\000i\000c\000k\000\040\000s\000t\000a\000r\000t}{chapter.4}% 11
\BOOKMARK [2][-]{subsection.4.1.1}{\376\377\000O\000v\000e\000r\000v\000i\000e\000w}{section.4.1}% 12
\BOOKMARK [2][-]{subsection.4.1.2}{\376\377\000E\000x\000a\000m\000p\000l\000e\000\040\000c\000o\000m\000m\000a\000n\000d\000s}{section.4.1}% 13
\BOOKMARK [2][-]{subsection.4.1.3}{\376\377\000O\000u\000t\000p\000u\000t\000\040\000s\000t\000r\000u\000c\000t\000u\000r\000e}{section.4.1}% 14
\BOOKMARK [1][-]{section.4.2}{\376\377\000S\000t\000e\000p\000\040\000d\000e\000t\000a\000i\000l\000s}{chapter.4}% 15
\BOOKMARK [2][-]{subsection.4.2.1}{\376\377\000m\000i\000r\000r\000o\000r}{section.4.2}% 16
\BOOKMARK [2][-]{subsection.4.2.2}{\376\377\000c\000h\000a\000n\000n\000e\000l\000\137\000m\000a\000p\000s}{section.4.2}% 17
\BOOKMARK [2][-]{subsection.4.2.3}{\376\377\000h\000t\000m\000l}{section.4.2}% 18
\BOOKMARK [2][-]{subsection.4.2.4}{\376\377\000r\000e\000s\000i\000d\000u\000a\000l\000s}{section.4.2}% 19
\BOOKMARK [1][-]{section.4.3}{\376\377\000N\000o\000t\000e\000s}{chapter.4}% 20
